<?xml version="1.0" encoding="UTF-8"?>
<!-- Generated by org.testng.reporters.JUnitReportReporter -->
<testsuite hostname="LAPTOP-7ULFHHTA" failures="0" tests="1" name="co.qa.Amazon.Tests.PasswordPageTest" time="5.002" errors="0" timestamp="2022-06-11T20:56:48 IST" skipped="0">
  <testcase classname="co.qa.Amazon.Tests.PasswordPageTest" name="enterPassword" time="5.002"/>
  <system-out/>
</testsuite> <!-- co.qa.Amazon.Tests.PasswordPageTest -->
