<?xml version="1.0" encoding="UTF-8"?>
<!-- Generated by org.testng.reporters.JUnitReportReporter -->
<testsuite hostname="LAPTOP-7ULFHHTA" failures="0" tests="1" name="co.qa.Amazon.Tests.ResultsPageTest" time="32.255" errors="0" timestamp="2022-06-11T21:31:05 IST" skipped="0">
  <testcase classname="co.qa.Amazon.Tests.ResultsPageTest" name="goToItemAndClick" time="32.255"/>
  <system-out/>
</testsuite> <!-- co.qa.Amazon.Tests.ResultsPageTest -->
