<?xml version="1.0" encoding="UTF-8"?>
<!-- Generated by org.testng.reporters.JUnitReportReporter -->
<testsuite hostname="LAPTOP-7ULFHHTA" failures="0" tests="1" name="co.qa.Amazon.Tests.EmailPageTest" time="4.624" errors="0" timestamp="2022-06-11T20:08:49 IST" skipped="0">
  <testcase classname="co.qa.Amazon.Tests.EmailPageTest" name="enterEmail" time="4.624"/>
  <system-out/>
</testsuite> <!-- co.qa.Amazon.Tests.EmailPageTest -->
